<?xml version="1.0" encoding="UTF-8"?>
<!-- Generated by org.testng.reporters.JUnitReportReporter -->
<testsuite name="com.hellofresh.automation.ApiTest" tests="2" time="5.161" ignored="1" failures="0" timestamp="15 Apr 2017 19:11:10 GMT" skipped="0" hostname="Sajus-MacBook-Pro-2.local" errors="0">
  <testcase name="validateIsoCode" time="1.958" classname="com.hellofresh.automation.ApiTest"/>
  <testcase name="validateCountry" time="3.203" classname="com.hellofresh.automation.ApiTest"/>
  <testcase name="getAllCountryName" classname="com.hellofresh.automation.ApiTest">
    <skipped/>
  </testcase> <!-- getAllCountryName -->
</testsuite> <!-- com.hellofresh.automation.ApiTest -->
