<?xml version="1.0" encoding="UTF-8"?>
<!-- Generated by org.testng.reporters.JUnitReportReporter -->
<testsuite name="com.hellofresh.automation.LoginTest" tests="1" time="44.350" ignored="0" failures="0" timestamp="15 Apr 2017 22:44:44 GMT" skipped="0" hostname="Sajus-MacBook-Pro-2.local" errors="0">
  <testcase name="verifyLogin" time="44.350" classname="com.hellofresh.automation.LoginTest"/>
</testsuite> <!-- com.hellofresh.automation.LoginTest -->
